开始处理,年份: 2004 , 类型数据:wi
处理列表: ['H:/tiffdata\\fengsu\\raster_wi200410_1.tif', 'H:/tiffdata\\fengsu\\raster_wi200410_10.tif', 'H:/tiffdata\\fengsu\\raster_wi200410_11.tif', 'H:/tiffdata\\fengsu\\raster_wi200410_12.tif', 'H:/tiffdata\\fengsu\\raster_wi200410_13.tif', 'H:/tiffdata\\fengsu\\raster_wi200410_14.tif', 'H:/tiffdata\\fengsu\\raster_wi200410_15.tif', 'H:/tiffdata\\fengsu\\raster_wi200410_16.tif', 'H:/tiffdata\\fengsu\\raster_wi200410_17.tif', 'H:/tiffdata\\fengsu\\raster_wi200410_18.tif', 'H:/tiffdata\\fengsu\\raster_wi200410_19.tif', 'H:/tiffdata\\fengsu\\raster_wi200410_2.tif', 'H:/tiffdata\\fengsu\\raster_wi200410_20.tif', 'H:/tiffdata\\fengsu\\raster_wi200410_21.tif', 'H:/tiffdata\\fengsu\\raster_wi200410_22.tif', 'H:/tiffdata\\fengsu\\raster_wi200410_23.tif', 'H:/tiffdata\\fengsu\\raster_wi200410_24.tif', 'H:/tiffdata\\fengsu\\raster_wi200410_25.tif', 'H:/tiffdata\\fengsu\\raster_wi200410_26.tif', 'H:/tiffdata\\fengsu\\raster_wi200410_27.tif', 'H:/tiffdata\\fengsu\\raster_wi200410_28.tif', 'H:/tiffdata\\fengsu\\raster_wi200410_29.tif', 'H:/tiffdata\\fengsu\\raster_wi200410_3.tif', 'H:/tiffdata\\fengsu\\raster_wi200410_30.tif', 'H:/tiffdata\\fengsu\\raster_wi200410_31.tif', 'H:/tiffdata\\fengsu\\raster_wi200410_4.tif', 'H:/tiffdata\\fengsu\\raster_wi200410_5.tif', 'H:/tiffdata\\fengsu\\raster_wi200410_6.tif', 'H:/tiffdata\\fengsu\\raster_wi200410_7.tif', 'H:/tiffdata\\fengsu\\raster_wi200410_8.tif', 'H:/tiffdata\\fengsu\\raster_wi200410_9.tif', 'H:/tiffdata\\fengsu\\raster_wi200411_1.tif', 'H:/tiffdata\\fengsu\\raster_wi200411_10.tif', 'H:/tiffdata\\fengsu\\raster_wi200411_11.tif', 'H:/tiffdata\\fengsu\\raster_wi200411_12.tif', 'H:/tiffdata\\fengsu\\raster_wi200411_13.tif', 'H:/tiffdata\\fengsu\\raster_wi200411_14.tif', 'H:/tiffdata\\fengsu\\raster_wi200411_15.tif', 'H:/tiffdata\\fengsu\\raster_wi200411_16.tif', 'H:/tiffdata\\fengsu\\raster_wi200411_17.tif', 'H:/tiffdata\\fengsu\\raster_wi200411_18.tif', 'H:/tiffdata\\fengsu\\raster_wi200411_19.tif', 'H:/tiffdata\\fengsu\\raster_wi200411_2.tif', 'H:/tiffdata\\fengsu\\raster_wi200411_20.tif', 'H:/tiffdata\\fengsu\\raster_wi200411_21.tif', 'H:/tiffdata\\fengsu\\raster_wi200411_22.tif', 'H:/tiffdata\\fengsu\\raster_wi200411_23.tif', 'H:/tiffdata\\fengsu\\raster_wi200411_24.tif', 'H:/tiffdata\\fengsu\\raster_wi200411_25.tif', 'H:/tiffdata\\fengsu\\raster_wi200411_26.tif', 'H:/tiffdata\\fengsu\\raster_wi200411_27.tif', 'H:/tiffdata\\fengsu\\raster_wi200411_28.tif', 'H:/tiffdata\\fengsu\\raster_wi200411_29.tif', 'H:/tiffdata\\fengsu\\raster_wi200411_3.tif', 'H:/tiffdata\\fengsu\\raster_wi200411_30.tif', 'H:/tiffdata\\fengsu\\raster_wi200411_4.tif', 'H:/tiffdata\\fengsu\\raster_wi200411_5.tif', 'H:/tiffdata\\fengsu\\raster_wi200411_6.tif', 'H:/tiffdata\\fengsu\\raster_wi200411_7.tif', 'H:/tiffdata\\fengsu\\raster_wi200411_8.tif', 'H:/tiffdata\\fengsu\\raster_wi200411_9.tif', 'H:/tiffdata\\fengsu\\raster_wi200412_1.tif', 'H:/tiffdata\\fengsu\\raster_wi200412_10.tif', 'H:/tiffdata\\fengsu\\raster_wi200412_11.tif', 'H:/tiffdata\\fengsu\\raster_wi200412_12.tif', 'H:/tiffdata\\fengsu\\raster_wi200412_13.tif', 'H:/tiffdata\\fengsu\\raster_wi200412_14.tif', 'H:/tiffdata\\fengsu\\raster_wi200412_15.tif', 'H:/tiffdata\\fengsu\\raster_wi200412_16.tif', 'H:/tiffdata\\fengsu\\raster_wi200412_17.tif', 'H:/tiffdata\\fengsu\\raster_wi200412_18.tif', 'H:/tiffdata\\fengsu\\raster_wi200412_19.tif', 'H:/tiffdata\\fengsu\\raster_wi200412_2.tif', 'H:/tiffdata\\fengsu\\raster_wi200412_20.tif', 'H:/tiffdata\\fengsu\\raster_wi200412_21.tif', 'H:/tiffdata\\fengsu\\raster_wi200412_22.tif', 'H:/tiffdata\\fengsu\\raster_wi200412_23.tif', 'H:/tiffdata\\fengsu\\raster_wi200412_24.tif', 'H:/tiffdata\\fengsu\\raster_wi200412_25.tif', 'H:/tiffdata\\fengsu\\raster_wi200412_26.tif', 'H:/tiffdata\\fengsu\\raster_wi200412_27.tif', 'H:/tiffdata\\fengsu\\raster_wi200412_28.tif', 'H:/tiffdata\\fengsu\\raster_wi200412_29.tif', 'H:/tiffdata\\fengsu\\raster_wi200412_3.tif', 'H:/tiffdata\\fengsu\\raster_wi200412_30.tif', 'H:/tiffdata\\fengsu\\raster_wi200412_31.tif', 'H:/tiffdata\\fengsu\\raster_wi200412_4.tif', 'H:/tiffdata\\fengsu\\raster_wi200412_5.tif', 'H:/tiffdata\\fengsu\\raster_wi200412_6.tif', 'H:/tiffdata\\fengsu\\raster_wi200412_7.tif', 'H:/tiffdata\\fengsu\\raster_wi200412_8.tif', 'H:/tiffdata\\fengsu\\raster_wi200412_9.tif', 'H:/tiffdata\\fengsu\\raster_wi20041_1.tif', 'H:/tiffdata\\fengsu\\raster_wi20041_10.tif', 'H:/tiffdata\\fengsu\\raster_wi20041_11.tif', 'H:/tiffdata\\fengsu\\raster_wi20041_12.tif', 'H:/tiffdata\\fengsu\\raster_wi20041_13.tif', 'H:/tiffdata\\fengsu\\raster_wi20041_14.tif', 'H:/tiffdata\\fengsu\\raster_wi20041_15.tif', 'H:/tiffdata\\fengsu\\raster_wi20041_16.tif', 'H:/tiffdata\\fengsu\\raster_wi20041_17.tif', 'H:/tiffdata\\fengsu\\raster_wi20041_18.tif', 'H:/tiffdata\\fengsu\\raster_wi20041_19.tif', 'H:/tiffdata\\fengsu\\raster_wi20041_2.tif', 'H:/tiffdata\\fengsu\\raster_wi20041_20.tif', 'H:/tiffdata\\fengsu\\raster_wi20041_21.tif', 'H:/tiffdata\\fengsu\\raster_wi20041_22.tif', 'H:/tiffdata\\fengsu\\raster_wi20041_23.tif', 'H:/tiffdata\\fengsu\\raster_wi20041_24.tif', 'H:/tiffdata\\fengsu\\raster_wi20041_25.tif', 'H:/tiffdata\\fengsu\\raster_wi20041_26.tif', 'H:/tiffdata\\fengsu\\raster_wi20041_27.tif', 'H:/tiffdata\\fengsu\\raster_wi20041_28.tif', 'H:/tiffdata\\fengsu\\raster_wi20041_29.tif', 'H:/tiffdata\\fengsu\\raster_wi20041_3.tif', 'H:/tiffdata\\fengsu\\raster_wi20041_30.tif', 'H:/tiffdata\\fengsu\\raster_wi20041_31.tif', 'H:/tiffdata\\fengsu\\raster_wi20041_4.tif', 'H:/tiffdata\\fengsu\\raster_wi20041_5.tif', 'H:/tiffdata\\fengsu\\raster_wi20041_6.tif', 'H:/tiffdata\\fengsu\\raster_wi20041_7.tif', 'H:/tiffdata\\fengsu\\raster_wi20041_8.tif', 'H:/tiffdata\\fengsu\\raster_wi20041_9.tif', 'H:/tiffdata\\fengsu\\raster_wi20042_1.tif', 'H:/tiffdata\\fengsu\\raster_wi20042_10.tif', 'H:/tiffdata\\fengsu\\raster_wi20042_11.tif', 'H:/tiffdata\\fengsu\\raster_wi20042_12.tif', 'H:/tiffdata\\fengsu\\raster_wi20042_13.tif', 'H:/tiffdata\\fengsu\\raster_wi20042_14.tif', 'H:/tiffdata\\fengsu\\raster_wi20042_15.tif', 'H:/tiffdata\\fengsu\\raster_wi20042_16.tif', 'H:/tiffdata\\fengsu\\raster_wi20042_17.tif', 'H:/tiffdata\\fengsu\\raster_wi20042_18.tif', 'H:/tiffdata\\fengsu\\raster_wi20042_19.tif', 'H:/tiffdata\\fengsu\\raster_wi20042_2.tif', 'H:/tiffdata\\fengsu\\raster_wi20042_20.tif', 'H:/tiffdata\\fengsu\\raster_wi20042_21.tif', 'H:/tiffdata\\fengsu\\raster_wi20042_22.tif', 'H:/tiffdata\\fengsu\\raster_wi20042_23.tif', 'H:/tiffdata\\fengsu\\raster_wi20042_24.tif', 'H:/tiffdata\\fengsu\\raster_wi20042_25.tif', 'H:/tiffdata\\fengsu\\raster_wi20042_26.tif', 'H:/tiffdata\\fengsu\\raster_wi20042_27.tif', 'H:/tiffdata\\fengsu\\raster_wi20042_28.tif', 'H:/tiffdata\\fengsu\\raster_wi20042_29.tif', 'H:/tiffdata\\fengsu\\raster_wi20042_3.tif', 'H:/tiffdata\\fengsu\\raster_wi20042_4.tif', 'H:/tiffdata\\fengsu\\raster_wi20042_5.tif', 'H:/tiffdata\\fengsu\\raster_wi20042_6.tif', 'H:/tiffdata\\fengsu\\raster_wi20042_7.tif', 'H:/tiffdata\\fengsu\\raster_wi20042_8.tif', 'H:/tiffdata\\fengsu\\raster_wi20042_9.tif', 'H:/tiffdata\\fengsu\\raster_wi20043_1.tif', 'H:/tiffdata\\fengsu\\raster_wi20043_10.tif', 'H:/tiffdata\\fengsu\\raster_wi20043_11.tif', 'H:/tiffdata\\fengsu\\raster_wi20043_12.tif', 'H:/tiffdata\\fengsu\\raster_wi20043_13.tif', 'H:/tiffdata\\fengsu\\raster_wi20043_14.tif', 'H:/tiffdata\\fengsu\\raster_wi20043_15.tif', 'H:/tiffdata\\fengsu\\raster_wi20043_16.tif', 'H:/tiffdata\\fengsu\\raster_wi20043_17.tif', 'H:/tiffdata\\fengsu\\raster_wi20043_18.tif', 'H:/tiffdata\\fengsu\\raster_wi20043_19.tif', 'H:/tiffdata\\fengsu\\raster_wi20043_2.tif', 'H:/tiffdata\\fengsu\\raster_wi20043_20.tif', 'H:/tiffdata\\fengsu\\raster_wi20043_21.tif', 'H:/tiffdata\\fengsu\\raster_wi20043_22.tif', 'H:/tiffdata\\fengsu\\raster_wi20043_23.tif', 'H:/tiffdata\\fengsu\\raster_wi20043_24.tif', 'H:/tiffdata\\fengsu\\raster_wi20043_25.tif', 'H:/tiffdata\\fengsu\\raster_wi20043_26.tif', 'H:/tiffdata\\fengsu\\raster_wi20043_27.tif', 'H:/tiffdata\\fengsu\\raster_wi20043_28.tif', 'H:/tiffdata\\fengsu\\raster_wi20043_29.tif', 'H:/tiffdata\\fengsu\\raster_wi20043_3.tif', 'H:/tiffdata\\fengsu\\raster_wi20043_30.tif', 'H:/tiffdata\\fengsu\\raster_wi20043_31.tif', 'H:/tiffdata\\fengsu\\raster_wi20043_4.tif', 'H:/tiffdata\\fengsu\\raster_wi20043_5.tif', 'H:/tiffdata\\fengsu\\raster_wi20043_6.tif', 'H:/tiffdata\\fengsu\\raster_wi20043_7.tif', 'H:/tiffdata\\fengsu\\raster_wi20043_8.tif', 'H:/tiffdata\\fengsu\\raster_wi20043_9.tif', 'H:/tiffdata\\fengsu\\raster_wi20044_1.tif', 'H:/tiffdata\\fengsu\\raster_wi20044_10.tif', 'H:/tiffdata\\fengsu\\raster_wi20044_11.tif', 'H:/tiffdata\\fengsu\\raster_wi20044_12.tif', 'H:/tiffdata\\fengsu\\raster_wi20044_13.tif', 'H:/tiffdata\\fengsu\\raster_wi20044_14.tif', 'H:/tiffdata\\fengsu\\raster_wi20044_15.tif', 'H:/tiffdata\\fengsu\\raster_wi20044_16.tif', 'H:/tiffdata\\fengsu\\raster_wi20044_17.tif', 'H:/tiffdata\\fengsu\\raster_wi20044_18.tif', 'H:/tiffdata\\fengsu\\raster_wi20044_19.tif', 'H:/tiffdata\\fengsu\\raster_wi20044_2.tif', 'H:/tiffdata\\fengsu\\raster_wi20044_20.tif', 'H:/tiffdata\\fengsu\\raster_wi20044_21.tif', 'H:/tiffdata\\fengsu\\raster_wi20044_22.tif', 'H:/tiffdata\\fengsu\\raster_wi20044_23.tif', 'H:/tiffdata\\fengsu\\raster_wi20044_24.tif', 'H:/tiffdata\\fengsu\\raster_wi20044_25.tif', 'H:/tiffdata\\fengsu\\raster_wi20044_26.tif', 'H:/tiffdata\\fengsu\\raster_wi20044_27.tif', 'H:/tiffdata\\fengsu\\raster_wi20044_28.tif', 'H:/tiffdata\\fengsu\\raster_wi20044_29.tif', 'H:/tiffdata\\fengsu\\raster_wi20044_3.tif', 'H:/tiffdata\\fengsu\\raster_wi20044_30.tif', 'H:/tiffdata\\fengsu\\raster_wi20044_4.tif', 'H:/tiffdata\\fengsu\\raster_wi20044_5.tif', 'H:/tiffdata\\fengsu\\raster_wi20044_6.tif', 'H:/tiffdata\\fengsu\\raster_wi20044_7.tif', 'H:/tiffdata\\fengsu\\raster_wi20044_8.tif', 'H:/tiffdata\\fengsu\\raster_wi20044_9.tif', 'H:/tiffdata\\fengsu\\raster_wi20045_1.tif', 'H:/tiffdata\\fengsu\\raster_wi20045_10.tif', 'H:/tiffdata\\fengsu\\raster_wi20045_11.tif', 'H:/tiffdata\\fengsu\\raster_wi20045_12.tif', 'H:/tiffdata\\fengsu\\raster_wi20045_13.tif', 'H:/tiffdata\\fengsu\\raster_wi20045_14.tif', 'H:/tiffdata\\fengsu\\raster_wi20045_15.tif', 'H:/tiffdata\\fengsu\\raster_wi20045_16.tif', 'H:/tiffdata\\fengsu\\raster_wi20045_17.tif', 'H:/tiffdata\\fengsu\\raster_wi20045_18.tif', 'H:/tiffdata\\fengsu\\raster_wi20045_19.tif', 'H:/tiffdata\\fengsu\\raster_wi20045_2.tif', 'H:/tiffdata\\fengsu\\raster_wi20045_20.tif', 'H:/tiffdata\\fengsu\\raster_wi20045_21.tif', 'H:/tiffdata\\fengsu\\raster_wi20045_22.tif', 'H:/tiffdata\\fengsu\\raster_wi20045_23.tif', 'H:/tiffdata\\fengsu\\raster_wi20045_24.tif', 'H:/tiffdata\\fengsu\\raster_wi20045_25.tif', 'H:/tiffdata\\fengsu\\raster_wi20045_26.tif', 'H:/tiffdata\\fengsu\\raster_wi20045_27.tif', 'H:/tiffdata\\fengsu\\raster_wi20045_28.tif', 'H:/tiffdata\\fengsu\\raster_wi20045_29.tif', 'H:/tiffdata\\fengsu\\raster_wi20045_3.tif', 'H:/tiffdata\\fengsu\\raster_wi20045_30.tif', 'H:/tiffdata\\fengsu\\raster_wi20045_31.tif', 'H:/tiffdata\\fengsu\\raster_wi20045_4.tif', 'H:/tiffdata\\fengsu\\raster_wi20045_5.tif', 'H:/tiffdata\\fengsu\\raster_wi20045_6.tif', 'H:/tiffdata\\fengsu\\raster_wi20045_7.tif', 'H:/tiffdata\\fengsu\\raster_wi20045_8.tif', 'H:/tiffdata\\fengsu\\raster_wi20045_9.tif', 'H:/tiffdata\\fengsu\\raster_wi20046_1.tif', 'H:/tiffdata\\fengsu\\raster_wi20046_10.tif', 'H:/tiffdata\\fengsu\\raster_wi20046_11.tif', 'H:/tiffdata\\fengsu\\raster_wi20046_12.tif', 'H:/tiffdata\\fengsu\\raster_wi20046_13.tif', 'H:/tiffdata\\fengsu\\raster_wi20046_14.tif', 'H:/tiffdata\\fengsu\\raster_wi20046_15.tif', 'H:/tiffdata\\fengsu\\raster_wi20046_16.tif', 'H:/tiffdata\\fengsu\\raster_wi20046_17.tif', 'H:/tiffdata\\fengsu\\raster_wi20046_18.tif', 'H:/tiffdata\\fengsu\\raster_wi20046_19.tif', 'H:/tiffdata\\fengsu\\raster_wi20046_2.tif', 'H:/tiffdata\\fengsu\\raster_wi20046_20.tif', 'H:/tiffdata\\fengsu\\raster_wi20046_21.tif', 'H:/tiffdata\\fengsu\\raster_wi20046_22.tif', 'H:/tiffdata\\fengsu\\raster_wi20046_23.tif', 'H:/tiffdata\\fengsu\\raster_wi20046_24.tif', 'H:/tiffdata\\fengsu\\raster_wi20046_25.tif', 'H:/tiffdata\\fengsu\\raster_wi20046_26.tif', 'H:/tiffdata\\fengsu\\raster_wi20046_27.tif', 'H:/tiffdata\\fengsu\\raster_wi20046_28.tif', 'H:/tiffdata\\fengsu\\raster_wi20046_29.tif', 'H:/tiffdata\\fengsu\\raster_wi20046_3.tif', 'H:/tiffdata\\fengsu\\raster_wi20046_30.tif', 'H:/tiffdata\\fengsu\\raster_wi20046_4.tif', 'H:/tiffdata\\fengsu\\raster_wi20046_5.tif', 'H:/tiffdata\\fengsu\\raster_wi20046_6.tif', 'H:/tiffdata\\fengsu\\raster_wi20046_7.tif', 'H:/tiffdata\\fengsu\\raster_wi20046_8.tif', 'H:/tiffdata\\fengsu\\raster_wi20046_9.tif', 'H:/tiffdata\\fengsu\\raster_wi20047_1.tif', 'H:/tiffdata\\fengsu\\raster_wi20047_10.tif', 'H:/tiffdata\\fengsu\\raster_wi20047_11.tif', 'H:/tiffdata\\fengsu\\raster_wi20047_12.tif', 'H:/tiffdata\\fengsu\\raster_wi20047_13.tif', 'H:/tiffdata\\fengsu\\raster_wi20047_14.tif', 'H:/tiffdata\\fengsu\\raster_wi20047_15.tif', 'H:/tiffdata\\fengsu\\raster_wi20047_16.tif', 'H:/tiffdata\\fengsu\\raster_wi20047_17.tif', 'H:/tiffdata\\fengsu\\raster_wi20047_18.tif', 'H:/tiffdata\\fengsu\\raster_wi20047_19.tif', 'H:/tiffdata\\fengsu\\raster_wi20047_2.tif', 'H:/tiffdata\\fengsu\\raster_wi20047_20.tif', 'H:/tiffdata\\fengsu\\raster_wi20047_21.tif', 'H:/tiffdata\\fengsu\\raster_wi20047_22.tif', 'H:/tiffdata\\fengsu\\raster_wi20047_23.tif', 'H:/tiffdata\\fengsu\\raster_wi20047_24.tif', 'H:/tiffdata\\fengsu\\raster_wi20047_25.tif', 'H:/tiffdata\\fengsu\\raster_wi20047_26.tif', 'H:/tiffdata\\fengsu\\raster_wi20047_27.tif', 'H:/tiffdata\\fengsu\\raster_wi20047_28.tif', 'H:/tiffdata\\fengsu\\raster_wi20047_29.tif', 'H:/tiffdata\\fengsu\\raster_wi20047_3.tif', 'H:/tiffdata\\fengsu\\raster_wi20047_30.tif', 'H:/tiffdata\\fengsu\\raster_wi20047_31.tif', 'H:/tiffdata\\fengsu\\raster_wi20047_4.tif', 'H:/tiffdata\\fengsu\\raster_wi20047_5.tif', 'H:/tiffdata\\fengsu\\raster_wi20047_6.tif', 'H:/tiffdata\\fengsu\\raster_wi20047_7.tif', 'H:/tiffdata\\fengsu\\raster_wi20047_8.tif', 'H:/tiffdata\\fengsu\\raster_wi20047_9.tif', 'H:/tiffdata\\fengsu\\raster_wi20048_1.tif', 'H:/tiffdata\\fengsu\\raster_wi20048_10.tif', 'H:/tiffdata\\fengsu\\raster_wi20048_11.tif', 'H:/tiffdata\\fengsu\\raster_wi20048_12.tif', 'H:/tiffdata\\fengsu\\raster_wi20048_13.tif', 'H:/tiffdata\\fengsu\\raster_wi20048_14.tif', 'H:/tiffdata\\fengsu\\raster_wi20048_15.tif', 'H:/tiffdata\\fengsu\\raster_wi20048_16.tif', 'H:/tiffdata\\fengsu\\raster_wi20048_17.tif', 'H:/tiffdata\\fengsu\\raster_wi20048_18.tif', 'H:/tiffdata\\fengsu\\raster_wi20048_19.tif', 'H:/tiffdata\\fengsu\\raster_wi20048_2.tif', 'H:/tiffdata\\fengsu\\raster_wi20048_20.tif', 'H:/tiffdata\\fengsu\\raster_wi20048_21.tif', 'H:/tiffdata\\fengsu\\raster_wi20048_22.tif', 'H:/tiffdata\\fengsu\\raster_wi20048_23.tif', 'H:/tiffdata\\fengsu\\raster_wi20048_24.tif', 'H:/tiffdata\\fengsu\\raster_wi20048_25.tif', 'H:/tiffdata\\fengsu\\raster_wi20048_26.tif', 'H:/tiffdata\\fengsu\\raster_wi20048_27.tif', 'H:/tiffdata\\fengsu\\raster_wi20048_28.tif', 'H:/tiffdata\\fengsu\\raster_wi20048_29.tif', 'H:/tiffdata\\fengsu\\raster_wi20048_3.tif', 'H:/tiffdata\\fengsu\\raster_wi20048_30.tif', 'H:/tiffdata\\fengsu\\raster_wi20048_31.tif', 'H:/tiffdata\\fengsu\\raster_wi20048_4.tif', 'H:/tiffdata\\fengsu\\raster_wi20048_5.tif', 'H:/tiffdata\\fengsu\\raster_wi20048_6.tif', 'H:/tiffdata\\fengsu\\raster_wi20048_7.tif', 'H:/tiffdata\\fengsu\\raster_wi20048_8.tif', 'H:/tiffdata\\fengsu\\raster_wi20048_9.tif', 'H:/tiffdata\\fengsu\\raster_wi20049_1.tif', 'H:/tiffdata\\fengsu\\raster_wi20049_10.tif', 'H:/tiffdata\\fengsu\\raster_wi20049_11.tif', 'H:/tiffdata\\fengsu\\raster_wi20049_12.tif', 'H:/tiffdata\\fengsu\\raster_wi20049_13.tif', 'H:/tiffdata\\fengsu\\raster_wi20049_14.tif', 'H:/tiffdata\\fengsu\\raster_wi20049_15.tif', 'H:/tiffdata\\fengsu\\raster_wi20049_16.tif', 'H:/tiffdata\\fengsu\\raster_wi20049_17.tif', 'H:/tiffdata\\fengsu\\raster_wi20049_18.tif', 'H:/tiffdata\\fengsu\\raster_wi20049_19.tif', 'H:/tiffdata\\fengsu\\raster_wi20049_2.tif', 'H:/tiffdata\\fengsu\\raster_wi20049_20.tif', 'H:/tiffdata\\fengsu\\raster_wi20049_21.tif', 'H:/tiffdata\\fengsu\\raster_wi20049_22.tif', 'H:/tiffdata\\fengsu\\raster_wi20049_23.tif', 'H:/tiffdata\\fengsu\\raster_wi20049_24.tif', 'H:/tiffdata\\fengsu\\raster_wi20049_25.tif', 'H:/tiffdata\\fengsu\\raster_wi20049_26.tif', 'H:/tiffdata\\fengsu\\raster_wi20049_27.tif', 'H:/tiffdata\\fengsu\\raster_wi20049_28.tif', 'H:/tiffdata\\fengsu\\raster_wi20049_29.tif', 'H:/tiffdata\\fengsu\\raster_wi20049_3.tif', 'H:/tiffdata\\fengsu\\raster_wi20049_30.tif', 'H:/tiffdata\\fengsu\\raster_wi20049_4.tif', 'H:/tiffdata\\fengsu\\raster_wi20049_5.tif', 'H:/tiffdata\\fengsu\\raster_wi20049_6.tif', 'H:/tiffdata\\fengsu\\raster_wi20049_7.tif', 'H:/tiffdata\\fengsu\\raster_wi20049_8.tif', 'H:/tiffdata\\fengsu\\raster_wi20049_9.tif']
开始加载数据...
npy文件不存在...开始读取并生成...
0 ,  H:/tiffdata\fengsu\raster_wi20041_1.tif
1 ,  H:/tiffdata\fengsu\raster_wi20041_2.tif
2 ,  H:/tiffdata\fengsu\raster_wi20041_3.tif
3 ,  H:/tiffdata\fengsu\raster_wi20041_4.tif
4 ,  H:/tiffdata\fengsu\raster_wi20041_5.tif
5 ,  H:/tiffdata\fengsu\raster_wi20041_6.tif
6 ,  H:/tiffdata\fengsu\raster_wi20041_7.tif
7 ,  H:/tiffdata\fengsu\raster_wi20041_8.tif
8 ,  H:/tiffdata\fengsu\raster_wi20041_9.tif
9 ,  H:/tiffdata\fengsu\raster_wi20041_10.tif
10 ,  H:/tiffdata\fengsu\raster_wi20041_11.tif
11 ,  H:/tiffdata\fengsu\raster_wi20041_12.tif
12 ,  H:/tiffdata\fengsu\raster_wi20041_13.tif
13 ,  H:/tiffdata\fengsu\raster_wi20041_14.tif
14 ,  H:/tiffdata\fengsu\raster_wi20041_15.tif
15 ,  H:/tiffdata\fengsu\raster_wi20041_16.tif
16 ,  H:/tiffdata\fengsu\raster_wi20041_17.tif
17 ,  H:/tiffdata\fengsu\raster_wi20041_18.tif
18 ,  H:/tiffdata\fengsu\raster_wi20041_19.tif
19 ,  H:/tiffdata\fengsu\raster_wi20041_20.tif
20 ,  H:/tiffdata\fengsu\raster_wi20041_21.tif
21 ,  H:/tiffdata\fengsu\raster_wi20041_22.tif
22 ,  H:/tiffdata\fengsu\raster_wi20041_23.tif
23 ,  H:/tiffdata\fengsu\raster_wi20041_24.tif
24 ,  H:/tiffdata\fengsu\raster_wi20041_25.tif
25 ,  H:/tiffdata\fengsu\raster_wi20041_26.tif
26 ,  H:/tiffdata\fengsu\raster_wi20041_27.tif
27 ,  H:/tiffdata\fengsu\raster_wi20041_28.tif
28 ,  H:/tiffdata\fengsu\raster_wi20041_29.tif
29 ,  H:/tiffdata\fengsu\raster_wi20041_30.tif
30 ,  H:/tiffdata\fengsu\raster_wi20041_31.tif
31 ,  H:/tiffdata\fengsu\raster_wi20042_1.tif
32 ,  H:/tiffdata\fengsu\raster_wi20042_2.tif
33 ,  H:/tiffdata\fengsu\raster_wi20042_3.tif
34 ,  H:/tiffdata\fengsu\raster_wi20042_4.tif
35 ,  H:/tiffdata\fengsu\raster_wi20042_5.tif
36 ,  H:/tiffdata\fengsu\raster_wi20042_6.tif
37 ,  H:/tiffdata\fengsu\raster_wi20042_7.tif
38 ,  H:/tiffdata\fengsu\raster_wi20042_8.tif
39 ,  H:/tiffdata\fengsu\raster_wi20042_9.tif
40 ,  H:/tiffdata\fengsu\raster_wi20042_10.tif
41 ,  H:/tiffdata\fengsu\raster_wi20042_11.tif
42 ,  H:/tiffdata\fengsu\raster_wi20042_12.tif
43 ,  H:/tiffdata\fengsu\raster_wi20042_13.tif
44 ,  H:/tiffdata\fengsu\raster_wi20042_14.tif
45 ,  H:/tiffdata\fengsu\raster_wi20042_15.tif
46 ,  H:/tiffdata\fengsu\raster_wi20042_16.tif
47 ,  H:/tiffdata\fengsu\raster_wi20042_17.tif
48 ,  H:/tiffdata\fengsu\raster_wi20042_18.tif
49 ,  H:/tiffdata\fengsu\raster_wi20042_19.tif
50 ,  H:/tiffdata\fengsu\raster_wi20042_20.tif
51 ,  H:/tiffdata\fengsu\raster_wi20042_21.tif
52 ,  H:/tiffdata\fengsu\raster_wi20042_22.tif
53 ,  H:/tiffdata\fengsu\raster_wi20042_23.tif
54 ,  H:/tiffdata\fengsu\raster_wi20042_24.tif
55 ,  H:/tiffdata\fengsu\raster_wi20042_25.tif
56 ,  H:/tiffdata\fengsu\raster_wi20042_26.tif
57 ,  H:/tiffdata\fengsu\raster_wi20042_27.tif
58 ,  H:/tiffdata\fengsu\raster_wi20042_28.tif
59 ,  H:/tiffdata\fengsu\raster_wi20042_29.tif
60 ,  H:/tiffdata\fengsu\raster_wi20043_1.tif
61 ,  H:/tiffdata\fengsu\raster_wi20043_2.tif
62 ,  H:/tiffdata\fengsu\raster_wi20043_3.tif
63 ,  H:/tiffdata\fengsu\raster_wi20043_4.tif
64 ,  H:/tiffdata\fengsu\raster_wi20043_5.tif
65 ,  H:/tiffdata\fengsu\raster_wi20043_6.tif
66 ,  H:/tiffdata\fengsu\raster_wi20043_7.tif
67 ,  H:/tiffdata\fengsu\raster_wi20043_8.tif
68 ,  H:/tiffdata\fengsu\raster_wi20043_9.tif
69 ,  H:/tiffdata\fengsu\raster_wi20043_10.tif
70 ,  H:/tiffdata\fengsu\raster_wi20043_11.tif
71 ,  H:/tiffdata\fengsu\raster_wi20043_12.tif
72 ,  H:/tiffdata\fengsu\raster_wi20043_13.tif
73 ,  H:/tiffdata\fengsu\raster_wi20043_14.tif
74 ,  H:/tiffdata\fengsu\raster_wi20043_15.tif
75 ,  H:/tiffdata\fengsu\raster_wi20043_16.tif
76 ,  H:/tiffdata\fengsu\raster_wi20043_17.tif
77 ,  H:/tiffdata\fengsu\raster_wi20043_18.tif
78 ,  H:/tiffdata\fengsu\raster_wi20043_19.tif
79 ,  H:/tiffdata\fengsu\raster_wi20043_20.tif
80 ,  H:/tiffdata\fengsu\raster_wi20043_21.tif
81 ,  H:/tiffdata\fengsu\raster_wi20043_22.tif
82 ,  H:/tiffdata\fengsu\raster_wi20043_23.tif
83 ,  H:/tiffdata\fengsu\raster_wi20043_24.tif
84 ,  H:/tiffdata\fengsu\raster_wi20043_25.tif
85 ,  H:/tiffdata\fengsu\raster_wi20043_26.tif
86 ,  H:/tiffdata\fengsu\raster_wi20043_27.tif
87 ,  H:/tiffdata\fengsu\raster_wi20043_28.tif
88 ,  H:/tiffdata\fengsu\raster_wi20043_29.tif
89 ,  H:/tiffdata\fengsu\raster_wi20043_30.tif
90 ,  H:/tiffdata\fengsu\raster_wi20043_31.tif
91 ,  H:/tiffdata\fengsu\raster_wi20044_1.tif
92 ,  H:/tiffdata\fengsu\raster_wi20044_2.tif
93 ,  H:/tiffdata\fengsu\raster_wi20044_3.tif
94 ,  H:/tiffdata\fengsu\raster_wi20044_4.tif
95 ,  H:/tiffdata\fengsu\raster_wi20044_5.tif
96 ,  H:/tiffdata\fengsu\raster_wi20044_6.tif
97 ,  H:/tiffdata\fengsu\raster_wi20044_7.tif
98 ,  H:/tiffdata\fengsu\raster_wi20044_8.tif
99 ,  H:/tiffdata\fengsu\raster_wi20044_9.tif
100 ,  H:/tiffdata\fengsu\raster_wi20044_10.tif
101 ,  H:/tiffdata\fengsu\raster_wi20044_11.tif
102 ,  H:/tiffdata\fengsu\raster_wi20044_12.tif
103 ,  H:/tiffdata\fengsu\raster_wi20044_13.tif
104 ,  H:/tiffdata\fengsu\raster_wi20044_14.tif
105 ,  H:/tiffdata\fengsu\raster_wi20044_15.tif
106 ,  H:/tiffdata\fengsu\raster_wi20044_16.tif
107 ,  H:/tiffdata\fengsu\raster_wi20044_17.tif
108 ,  H:/tiffdata\fengsu\raster_wi20044_18.tif
109 ,  H:/tiffdata\fengsu\raster_wi20044_19.tif
110 ,  H:/tiffdata\fengsu\raster_wi20044_20.tif
111 ,  H:/tiffdata\fengsu\raster_wi20044_21.tif
112 ,  H:/tiffdata\fengsu\raster_wi20044_22.tif
113 ,  H:/tiffdata\fengsu\raster_wi20044_23.tif
114 ,  H:/tiffdata\fengsu\raster_wi20044_24.tif
115 ,  H:/tiffdata\fengsu\raster_wi20044_25.tif
116 ,  H:/tiffdata\fengsu\raster_wi20044_26.tif
117 ,  H:/tiffdata\fengsu\raster_wi20044_27.tif
118 ,  H:/tiffdata\fengsu\raster_wi20044_28.tif
119 ,  H:/tiffdata\fengsu\raster_wi20044_29.tif
120 ,  H:/tiffdata\fengsu\raster_wi20044_30.tif
121 ,  H:/tiffdata\fengsu\raster_wi20045_1.tif
122 ,  H:/tiffdata\fengsu\raster_wi20045_2.tif
123 ,  H:/tiffdata\fengsu\raster_wi20045_3.tif
124 ,  H:/tiffdata\fengsu\raster_wi20045_4.tif
125 ,  H:/tiffdata\fengsu\raster_wi20045_5.tif
126 ,  H:/tiffdata\fengsu\raster_wi20045_6.tif
127 ,  H:/tiffdata\fengsu\raster_wi20045_7.tif
128 ,  H:/tiffdata\fengsu\raster_wi20045_8.tif
129 ,  H:/tiffdata\fengsu\raster_wi20045_9.tif
130 ,  H:/tiffdata\fengsu\raster_wi20045_10.tif
131 ,  H:/tiffdata\fengsu\raster_wi20045_11.tif
132 ,  H:/tiffdata\fengsu\raster_wi20045_12.tif
133 ,  H:/tiffdata\fengsu\raster_wi20045_13.tif
134 ,  H:/tiffdata\fengsu\raster_wi20045_14.tif
135 ,  H:/tiffdata\fengsu\raster_wi20045_15.tif
136 ,  H:/tiffdata\fengsu\raster_wi20045_16.tif
137 ,  H:/tiffdata\fengsu\raster_wi20045_17.tif
138 ,  H:/tiffdata\fengsu\raster_wi20045_18.tif
139 ,  H:/tiffdata\fengsu\raster_wi20045_19.tif
140 ,  H:/tiffdata\fengsu\raster_wi20045_20.tif
141 ,  H:/tiffdata\fengsu\raster_wi20045_21.tif
142 ,  H:/tiffdata\fengsu\raster_wi20045_22.tif
143 ,  H:/tiffdata\fengsu\raster_wi20045_23.tif
144 ,  H:/tiffdata\fengsu\raster_wi20045_24.tif
145 ,  H:/tiffdata\fengsu\raster_wi20045_25.tif
146 ,  H:/tiffdata\fengsu\raster_wi20045_26.tif
147 ,  H:/tiffdata\fengsu\raster_wi20045_27.tif
148 ,  H:/tiffdata\fengsu\raster_wi20045_28.tif
149 ,  H:/tiffdata\fengsu\raster_wi20045_29.tif
150 ,  H:/tiffdata\fengsu\raster_wi20045_30.tif
151 ,  H:/tiffdata\fengsu\raster_wi20045_31.tif
152 ,  H:/tiffdata\fengsu\raster_wi20046_1.tif
153 ,  H:/tiffdata\fengsu\raster_wi20046_2.tif
154 ,  H:/tiffdata\fengsu\raster_wi20046_3.tif
155 ,  H:/tiffdata\fengsu\raster_wi20046_4.tif
156 ,  H:/tiffdata\fengsu\raster_wi20046_5.tif
157 ,  H:/tiffdata\fengsu\raster_wi20046_6.tif
158 ,  H:/tiffdata\fengsu\raster_wi20046_7.tif
159 ,  H:/tiffdata\fengsu\raster_wi20046_8.tif
160 ,  H:/tiffdata\fengsu\raster_wi20046_9.tif
161 ,  H:/tiffdata\fengsu\raster_wi20046_10.tif
162 ,  H:/tiffdata\fengsu\raster_wi20046_11.tif
163 ,  H:/tiffdata\fengsu\raster_wi20046_12.tif
164 ,  H:/tiffdata\fengsu\raster_wi20046_13.tif
165 ,  H:/tiffdata\fengsu\raster_wi20046_14.tif
166 ,  H:/tiffdata\fengsu\raster_wi20046_15.tif
167 ,  H:/tiffdata\fengsu\raster_wi20046_16.tif
168 ,  H:/tiffdata\fengsu\raster_wi20046_17.tif
169 ,  H:/tiffdata\fengsu\raster_wi20046_18.tif
170 ,  H:/tiffdata\fengsu\raster_wi20046_19.tif
171 ,  H:/tiffdata\fengsu\raster_wi20046_20.tif
172 ,  H:/tiffdata\fengsu\raster_wi20046_21.tif
173 ,  H:/tiffdata\fengsu\raster_wi20046_22.tif
174 ,  H:/tiffdata\fengsu\raster_wi20046_23.tif
175 ,  H:/tiffdata\fengsu\raster_wi20046_24.tif
176 ,  H:/tiffdata\fengsu\raster_wi20046_25.tif
177 ,  H:/tiffdata\fengsu\raster_wi20046_26.tif
178 ,  H:/tiffdata\fengsu\raster_wi20046_27.tif
179 ,  H:/tiffdata\fengsu\raster_wi20046_28.tif
180 ,  H:/tiffdata\fengsu\raster_wi20046_29.tif
181 ,  H:/tiffdata\fengsu\raster_wi20046_30.tif
182 ,  H:/tiffdata\fengsu\raster_wi20047_1.tif
183 ,  H:/tiffdata\fengsu\raster_wi20047_2.tif
184 ,  H:/tiffdata\fengsu\raster_wi20047_3.tif
185 ,  H:/tiffdata\fengsu\raster_wi20047_4.tif
186 ,  H:/tiffdata\fengsu\raster_wi20047_5.tif
187 ,  H:/tiffdata\fengsu\raster_wi20047_6.tif
188 ,  H:/tiffdata\fengsu\raster_wi20047_7.tif
189 ,  H:/tiffdata\fengsu\raster_wi20047_8.tif
190 ,  H:/tiffdata\fengsu\raster_wi20047_9.tif
191 ,  H:/tiffdata\fengsu\raster_wi20047_10.tif
192 ,  H:/tiffdata\fengsu\raster_wi20047_11.tif
193 ,  H:/tiffdata\fengsu\raster_wi20047_12.tif
194 ,  H:/tiffdata\fengsu\raster_wi20047_13.tif
195 ,  H:/tiffdata\fengsu\raster_wi20047_14.tif
196 ,  H:/tiffdata\fengsu\raster_wi20047_15.tif
197 ,  H:/tiffdata\fengsu\raster_wi20047_16.tif
198 ,  H:/tiffdata\fengsu\raster_wi20047_17.tif
199 ,  H:/tiffdata\fengsu\raster_wi20047_18.tif
200 ,  H:/tiffdata\fengsu\raster_wi20047_19.tif
201 ,  H:/tiffdata\fengsu\raster_wi20047_20.tif
202 ,  H:/tiffdata\fengsu\raster_wi20047_21.tif
203 ,  H:/tiffdata\fengsu\raster_wi20047_22.tif
204 ,  H:/tiffdata\fengsu\raster_wi20047_23.tif
205 ,  H:/tiffdata\fengsu\raster_wi20047_24.tif
206 ,  H:/tiffdata\fengsu\raster_wi20047_25.tif
207 ,  H:/tiffdata\fengsu\raster_wi20047_26.tif
208 ,  H:/tiffdata\fengsu\raster_wi20047_27.tif
209 ,  H:/tiffdata\fengsu\raster_wi20047_28.tif
210 ,  H:/tiffdata\fengsu\raster_wi20047_29.tif
211 ,  H:/tiffdata\fengsu\raster_wi20047_30.tif
212 ,  H:/tiffdata\fengsu\raster_wi20047_31.tif
213 ,  H:/tiffdata\fengsu\raster_wi20048_1.tif
214 ,  H:/tiffdata\fengsu\raster_wi20048_2.tif
215 ,  H:/tiffdata\fengsu\raster_wi20048_3.tif
216 ,  H:/tiffdata\fengsu\raster_wi20048_4.tif
217 ,  H:/tiffdata\fengsu\raster_wi20048_5.tif
218 ,  H:/tiffdata\fengsu\raster_wi20048_6.tif
219 ,  H:/tiffdata\fengsu\raster_wi20048_7.tif
220 ,  H:/tiffdata\fengsu\raster_wi20048_8.tif
221 ,  H:/tiffdata\fengsu\raster_wi20048_9.tif
222 ,  H:/tiffdata\fengsu\raster_wi20048_10.tif
223 ,  H:/tiffdata\fengsu\raster_wi20048_11.tif
224 ,  H:/tiffdata\fengsu\raster_wi20048_12.tif
225 ,  H:/tiffdata\fengsu\raster_wi20048_13.tif
226 ,  H:/tiffdata\fengsu\raster_wi20048_14.tif
227 ,  H:/tiffdata\fengsu\raster_wi20048_15.tif
228 ,  H:/tiffdata\fengsu\raster_wi20048_16.tif
229 ,  H:/tiffdata\fengsu\raster_wi20048_17.tif
230 ,  H:/tiffdata\fengsu\raster_wi20048_18.tif
231 ,  H:/tiffdata\fengsu\raster_wi20048_19.tif
232 ,  H:/tiffdata\fengsu\raster_wi20048_20.tif
233 ,  H:/tiffdata\fengsu\raster_wi20048_21.tif
234 ,  H:/tiffdata\fengsu\raster_wi20048_22.tif
235 ,  H:/tiffdata\fengsu\raster_wi20048_23.tif
236 ,  H:/tiffdata\fengsu\raster_wi20048_24.tif
237 ,  H:/tiffdata\fengsu\raster_wi20048_25.tif
238 ,  H:/tiffdata\fengsu\raster_wi20048_26.tif
239 ,  H:/tiffdata\fengsu\raster_wi20048_27.tif
240 ,  H:/tiffdata\fengsu\raster_wi20048_28.tif
241 ,  H:/tiffdata\fengsu\raster_wi20048_29.tif
242 ,  H:/tiffdata\fengsu\raster_wi20048_30.tif
243 ,  H:/tiffdata\fengsu\raster_wi20048_31.tif
244 ,  H:/tiffdata\fengsu\raster_wi20049_1.tif
245 ,  H:/tiffdata\fengsu\raster_wi20049_2.tif
246 ,  H:/tiffdata\fengsu\raster_wi20049_3.tif
247 ,  H:/tiffdata\fengsu\raster_wi20049_4.tif
248 ,  H:/tiffdata\fengsu\raster_wi20049_5.tif
249 ,  H:/tiffdata\fengsu\raster_wi20049_6.tif
250 ,  H:/tiffdata\fengsu\raster_wi20049_7.tif
251 ,  H:/tiffdata\fengsu\raster_wi20049_8.tif
252 ,  H:/tiffdata\fengsu\raster_wi20049_9.tif
253 ,  H:/tiffdata\fengsu\raster_wi20049_10.tif
254 ,  H:/tiffdata\fengsu\raster_wi20049_11.tif
255 ,  H:/tiffdata\fengsu\raster_wi20049_12.tif
256 ,  H:/tiffdata\fengsu\raster_wi20049_13.tif
257 ,  H:/tiffdata\fengsu\raster_wi20049_14.tif
258 ,  H:/tiffdata\fengsu\raster_wi20049_15.tif
259 ,  H:/tiffdata\fengsu\raster_wi20049_16.tif
260 ,  H:/tiffdata\fengsu\raster_wi20049_17.tif
261 ,  H:/tiffdata\fengsu\raster_wi20049_18.tif
262 ,  H:/tiffdata\fengsu\raster_wi20049_19.tif
263 ,  H:/tiffdata\fengsu\raster_wi20049_20.tif
264 ,  H:/tiffdata\fengsu\raster_wi20049_21.tif
265 ,  H:/tiffdata\fengsu\raster_wi20049_22.tif
266 ,  H:/tiffdata\fengsu\raster_wi20049_23.tif
267 ,  H:/tiffdata\fengsu\raster_wi20049_24.tif
268 ,  H:/tiffdata\fengsu\raster_wi20049_25.tif
269 ,  H:/tiffdata\fengsu\raster_wi20049_26.tif
270 ,  H:/tiffdata\fengsu\raster_wi20049_27.tif
271 ,  H:/tiffdata\fengsu\raster_wi20049_28.tif
272 ,  H:/tiffdata\fengsu\raster_wi20049_29.tif
273 ,  H:/tiffdata\fengsu\raster_wi20049_30.tif
274 ,  H:/tiffdata\fengsu\raster_wi200410_1.tif
275 ,  H:/tiffdata\fengsu\raster_wi200410_2.tif
276 ,  H:/tiffdata\fengsu\raster_wi200410_3.tif
277 ,  H:/tiffdata\fengsu\raster_wi200410_4.tif
278 ,  H:/tiffdata\fengsu\raster_wi200410_5.tif
279 ,  H:/tiffdata\fengsu\raster_wi200410_6.tif
280 ,  H:/tiffdata\fengsu\raster_wi200410_7.tif
281 ,  H:/tiffdata\fengsu\raster_wi200410_8.tif
282 ,  H:/tiffdata\fengsu\raster_wi200410_9.tif
283 ,  H:/tiffdata\fengsu\raster_wi200410_10.tif
284 ,  H:/tiffdata\fengsu\raster_wi200410_11.tif
285 ,  H:/tiffdata\fengsu\raster_wi200410_12.tif
286 ,  H:/tiffdata\fengsu\raster_wi200410_13.tif
287 ,  H:/tiffdata\fengsu\raster_wi200410_14.tif
288 ,  H:/tiffdata\fengsu\raster_wi200410_15.tif
289 ,  H:/tiffdata\fengsu\raster_wi200410_16.tif
290 ,  H:/tiffdata\fengsu\raster_wi200410_17.tif
291 ,  H:/tiffdata\fengsu\raster_wi200410_18.tif
292 ,  H:/tiffdata\fengsu\raster_wi200410_19.tif
293 ,  H:/tiffdata\fengsu\raster_wi200410_20.tif
294 ,  H:/tiffdata\fengsu\raster_wi200410_21.tif
295 ,  H:/tiffdata\fengsu\raster_wi200410_22.tif
296 ,  H:/tiffdata\fengsu\raster_wi200410_23.tif
297 ,  H:/tiffdata\fengsu\raster_wi200410_24.tif
298 ,  H:/tiffdata\fengsu\raster_wi200410_25.tif
299 ,  H:/tiffdata\fengsu\raster_wi200410_26.tif
300 ,  H:/tiffdata\fengsu\raster_wi200410_27.tif
301 ,  H:/tiffdata\fengsu\raster_wi200410_28.tif
302 ,  H:/tiffdata\fengsu\raster_wi200410_29.tif
303 ,  H:/tiffdata\fengsu\raster_wi200410_30.tif
304 ,  H:/tiffdata\fengsu\raster_wi200410_31.tif
305 ,  H:/tiffdata\fengsu\raster_wi200411_1.tif
306 ,  H:/tiffdata\fengsu\raster_wi200411_2.tif
307 ,  H:/tiffdata\fengsu\raster_wi200411_3.tif
308 ,  H:/tiffdata\fengsu\raster_wi200411_4.tif
309 ,  H:/tiffdata\fengsu\raster_wi200411_5.tif
310 ,  H:/tiffdata\fengsu\raster_wi200411_6.tif
311 ,  H:/tiffdata\fengsu\raster_wi200411_7.tif
312 ,  H:/tiffdata\fengsu\raster_wi200411_8.tif
313 ,  H:/tiffdata\fengsu\raster_wi200411_9.tif
314 ,  H:/tiffdata\fengsu\raster_wi200411_10.tif
315 ,  H:/tiffdata\fengsu\raster_wi200411_11.tif
316 ,  H:/tiffdata\fengsu\raster_wi200411_12.tif
317 ,  H:/tiffdata\fengsu\raster_wi200411_13.tif
318 ,  H:/tiffdata\fengsu\raster_wi200411_14.tif
319 ,  H:/tiffdata\fengsu\raster_wi200411_15.tif
320 ,  H:/tiffdata\fengsu\raster_wi200411_16.tif
321 ,  H:/tiffdata\fengsu\raster_wi200411_17.tif
322 ,  H:/tiffdata\fengsu\raster_wi200411_18.tif
323 ,  H:/tiffdata\fengsu\raster_wi200411_19.tif
324 ,  H:/tiffdata\fengsu\raster_wi200411_20.tif
325 ,  H:/tiffdata\fengsu\raster_wi200411_21.tif
326 ,  H:/tiffdata\fengsu\raster_wi200411_22.tif
327 ,  H:/tiffdata\fengsu\raster_wi200411_23.tif
328 ,  H:/tiffdata\fengsu\raster_wi200411_24.tif
329 ,  H:/tiffdata\fengsu\raster_wi200411_25.tif
330 ,  H:/tiffdata\fengsu\raster_wi200411_26.tif
331 ,  H:/tiffdata\fengsu\raster_wi200411_27.tif
332 ,  H:/tiffdata\fengsu\raster_wi200411_28.tif
333 ,  H:/tiffdata\fengsu\raster_wi200411_29.tif
334 ,  H:/tiffdata\fengsu\raster_wi200411_30.tif
335 ,  H:/tiffdata\fengsu\raster_wi200412_1.tif
336 ,  H:/tiffdata\fengsu\raster_wi200412_2.tif
337 ,  H:/tiffdata\fengsu\raster_wi200412_3.tif
338 ,  H:/tiffdata\fengsu\raster_wi200412_4.tif
339 ,  H:/tiffdata\fengsu\raster_wi200412_5.tif
340 ,  H:/tiffdata\fengsu\raster_wi200412_6.tif
341 ,  H:/tiffdata\fengsu\raster_wi200412_7.tif
342 ,  H:/tiffdata\fengsu\raster_wi200412_8.tif
343 ,  H:/tiffdata\fengsu\raster_wi200412_9.tif
344 ,  H:/tiffdata\fengsu\raster_wi200412_10.tif
345 ,  H:/tiffdata\fengsu\raster_wi200412_11.tif
346 ,  H:/tiffdata\fengsu\raster_wi200412_12.tif
347 ,  H:/tiffdata\fengsu\raster_wi200412_13.tif
348 ,  H:/tiffdata\fengsu\raster_wi200412_14.tif
349 ,  H:/tiffdata\fengsu\raster_wi200412_15.tif
350 ,  H:/tiffdata\fengsu\raster_wi200412_16.tif
351 ,  H:/tiffdata\fengsu\raster_wi200412_17.tif
352 ,  H:/tiffdata\fengsu\raster_wi200412_18.tif
353 ,  H:/tiffdata\fengsu\raster_wi200412_19.tif
354 ,  H:/tiffdata\fengsu\raster_wi200412_20.tif
355 ,  H:/tiffdata\fengsu\raster_wi200412_21.tif
356 ,  H:/tiffdata\fengsu\raster_wi200412_22.tif
357 ,  H:/tiffdata\fengsu\raster_wi200412_23.tif
358 ,  H:/tiffdata\fengsu\raster_wi200412_24.tif
359 ,  H:/tiffdata\fengsu\raster_wi200412_25.tif
360 ,  H:/tiffdata\fengsu\raster_wi200412_26.tif
361 ,  H:/tiffdata\fengsu\raster_wi200412_27.tif
362 ,  H:/tiffdata\fengsu\raster_wi200412_28.tif
363 ,  H:/tiffdata\fengsu\raster_wi200412_29.tif
364 ,  H:/tiffdata\fengsu\raster_wi200412_30.tif
数据加载完成...
开始将numpy.ndarray转换为tensor...
tensor转换完成...
开始计算...
Traceback (most recent call last):
  File "d:/VSCodeProjects/csv2shp/tif_process_to_hurrican_year_result.py", line 104, in <module>
    count_greater_than_17 = (images_3d == 1).sum(dim=0)
RuntimeError: [enforce fail at alloc_cpu.cpp:114] data. DefaultCPUAllocator: not enough memory: you tried to allocate 70096343240 bytes.
